<?xml version="1.0" encoding="UTF-8"?>
<testsuite name="com.irdeto.rrm.ls.PlayreadyClientApplicationTests" tests="1" skipped="0" failures="0" errors="0" timestamp="2016-09-20T07:46:29" hostname="ekho" time="0.039">
  <properties/>
  <testcase name="contextLoads" classname="com.irdeto.rrm.ls.PlayreadyClientApplicationTests" time="0.039"/>
  <system-out><![CDATA[09:46:18.451 [Test worker] DEBUG org.springframework.test.context.junit4.SpringJUnit4ClassRunner - SpringJUnit4ClassRunner constructor called with [class com.irdeto.rrm.ls.PlayreadyClientApplicationTests]
09:46:18.454 [Test worker] DEBUG org.springframework.test.context.BootstrapUtils - Instantiating CacheAwareContextLoaderDelegate from class [org.springframework.test.context.cache.DefaultCacheAwareContextLoaderDelegate]
09:46:18.459 [Test worker] DEBUG org.springframework.test.context.BootstrapUtils - Instantiating BootstrapContext using constructor [public org.springframework.test.context.support.DefaultBootstrapContext(java.lang.Class,org.springframework.test.context.CacheAwareContextLoaderDelegate)]
09:46:18.469 [Test worker] DEBUG org.springframework.test.context.BootstrapUtils - Instantiating TestContextBootstrapper for test class [com.irdeto.rrm.ls.PlayreadyClientApplicationTests] from class [org.springframework.boot.test.context.SpringBootTestContextBootstrapper]
09:46:18.476 [Test worker] INFO org.springframework.boot.test.context.SpringBootTestContextBootstrapper - Neither @ContextConfiguration nor @ContextHierarchy found for test class [com.irdeto.rrm.ls.PlayreadyClientApplicationTests], using SpringBootContextLoader
09:46:18.478 [Test worker] DEBUG org.springframework.test.context.support.AbstractContextLoader - Did not detect default resource location for test class [com.irdeto.rrm.ls.PlayreadyClientApplicationTests]: class path resource [com/irdeto/rrm/ls/PlayreadyClientApplicationTests-context.xml] does not exist
09:46:18.479 [Test worker] DEBUG org.springframework.test.context.support.AbstractContextLoader - Did not detect default resource location for test class [com.irdeto.rrm.ls.PlayreadyClientApplicationTests]: class path resource [com/irdeto/rrm/ls/PlayreadyClientApplicationTestsContext.groovy] does not exist
09:46:18.479 [Test worker] INFO org.springframework.test.context.support.AbstractContextLoader - Could not detect default resource locations for test class [com.irdeto.rrm.ls.PlayreadyClientApplicationTests]: no resource found for suffixes {-context.xml, Context.groovy}.
09:46:18.479 [Test worker] INFO org.springframework.test.context.support.AnnotationConfigContextLoaderUtils - Could not detect default configuration classes for test class [com.irdeto.rrm.ls.PlayreadyClientApplicationTests]: PlayreadyClientApplicationTests does not declare any static, non-private, non-final, nested classes annotated with @Configuration.
09:46:18.501 [Test worker] DEBUG org.springframework.test.context.support.ActiveProfilesUtils - Could not find an 'annotation declaring class' for annotation type [org.springframework.test.context.ActiveProfiles] and class [com.irdeto.rrm.ls.PlayreadyClientApplicationTests]
09:46:18.527 [Test worker] DEBUG org.springframework.core.env.StandardEnvironment - Adding [systemProperties] PropertySource with lowest search precedence
09:46:18.527 [Test worker] DEBUG org.springframework.core.env.StandardEnvironment - Adding [systemEnvironment] PropertySource with lowest search precedence
09:46:18.528 [Test worker] DEBUG org.springframework.core.env.StandardEnvironment - Initialized StandardEnvironment with PropertySources [systemProperties,systemEnvironment]
09:46:18.534 [Test worker] DEBUG org.springframework.core.io.support.PathMatchingResourcePatternResolver - Resolved classpath location [com/irdeto/rrm/ls/] to resources [URL [file:/home/ekho/development/git/playready-client/build/classes/test/com/irdeto/rrm/ls/], URL [file:/home/ekho/development/git/playready-client/build/classes/main/com/irdeto/rrm/ls/], URL [jar:file:/home/ekho/.m2/repository/com/irdeto/rrm/ls/dtos/0.0.1-SNAPSHOT/dtos-0.0.1-SNAPSHOT.jar!/com/irdeto/rrm/ls/]]
09:46:18.535 [Test worker] DEBUG org.springframework.core.io.support.PathMatchingResourcePatternResolver - Looking for matching resources in directory tree [/home/ekho/development/git/playready-client/build/classes/test/com/irdeto/rrm/ls]
09:46:18.535 [Test worker] DEBUG org.springframework.core.io.support.PathMatchingResourcePatternResolver - Searching directory [/home/ekho/development/git/playready-client/build/classes/test/com/irdeto/rrm/ls] for files matching pattern [/home/ekho/development/git/playready-client/build/classes/test/com/irdeto/rrm/ls/*.class]
09:46:18.537 [Test worker] DEBUG org.springframework.core.io.support.PathMatchingResourcePatternResolver - Looking for matching resources in directory tree [/home/ekho/development/git/playready-client/build/classes/main/com/irdeto/rrm/ls]
09:46:18.537 [Test worker] DEBUG org.springframework.core.io.support.PathMatchingResourcePatternResolver - Searching directory [/home/ekho/development/git/playready-client/build/classes/main/com/irdeto/rrm/ls] for files matching pattern [/home/ekho/development/git/playready-client/build/classes/main/com/irdeto/rrm/ls/*.class]
09:46:18.537 [Test worker] DEBUG org.springframework.core.io.support.PathMatchingResourcePatternResolver - Looking for matching resources in jar file [file:/home/ekho/.m2/repository/com/irdeto/rrm/ls/dtos/0.0.1-SNAPSHOT/dtos-0.0.1-SNAPSHOT.jar]
09:46:18.538 [Test worker] DEBUG org.springframework.core.io.support.PathMatchingResourcePatternResolver - Resolved location pattern [classpath*:com/irdeto/rrm/ls/*.class] to resources [file [/home/ekho/development/git/playready-client/build/classes/test/com/irdeto/rrm/ls/PlayreadyClientApplicationTests.class], file [/home/ekho/development/git/playready-client/build/classes/main/com/irdeto/rrm/ls/PlayreadyClientApplication.class]]
09:46:18.573 [Test worker] DEBUG org.springframework.context.annotation.ClassPathScanningCandidateComponentProvider - Identified candidate component class: file [/home/ekho/development/git/playready-client/build/classes/main/com/irdeto/rrm/ls/PlayreadyClientApplication.class]
09:46:18.573 [Test worker] INFO org.springframework.boot.test.context.SpringBootTestContextBootstrapper - Found @SpringBootConfiguration com.irdeto.rrm.ls.PlayreadyClientApplication for test class com.irdeto.rrm.ls.PlayreadyClientApplicationTests
09:46:18.575 [Test worker] DEBUG org.springframework.boot.test.context.SpringBootTestContextBootstrapper - @TestExecutionListeners is not present for class [com.irdeto.rrm.ls.PlayreadyClientApplicationTests]: using defaults.
09:46:18.579 [Test worker] INFO org.springframework.boot.test.context.SpringBootTestContextBootstrapper - Loaded default TestExecutionListener class names from location [META-INF/spring.factories]: [org.springframework.boot.test.mock.mockito.MockitoTestExecutionListener, org.springframework.boot.test.mock.mockito.ResetMocksTestExecutionListener, org.springframework.boot.test.autoconfigure.AutoConfigureReportTestExecutionListener, org.springframework.boot.test.autoconfigure.restdocs.RestDocsTestExecutionListener, org.springframework.boot.test.autoconfigure.web.client.MockRestServiceServerResetTestExecutionListener, org.springframework.test.context.web.ServletTestExecutionListener, org.springframework.test.context.support.DirtiesContextBeforeModesTestExecutionListener, org.springframework.test.context.support.DependencyInjectionTestExecutionListener, org.springframework.test.context.support.DirtiesContextTestExecutionListener, org.springframework.test.context.transaction.TransactionalTestExecutionListener, org.springframework.test.context.jdbc.SqlScriptsTestExecutionListener]
09:46:18.589 [Test worker] INFO org.springframework.boot.test.context.SpringBootTestContextBootstrapper - Using TestExecutionListeners: [org.springframework.test.context.web.ServletTestExecutionListener@38476345, org.springframework.test.context.support.DirtiesContextBeforeModesTestExecutionListener@5550d40e, org.springframework.boot.test.autoconfigure.AutoConfigureReportTestExecutionListener@21e318b9, org.springframework.test.context.support.DependencyInjectionTestExecutionListener@738d383e, org.springframework.test.context.support.DirtiesContextTestExecutionListener@70533041, org.springframework.test.context.transaction.TransactionalTestExecutionListener@23f06ae1, org.springframework.test.context.jdbc.SqlScriptsTestExecutionListener@1aef98f6, org.springframework.boot.test.autoconfigure.restdocs.RestDocsTestExecutionListener@391f5d, org.springframework.boot.test.mock.mockito.MockitoTestExecutionListener@6901e623, org.springframework.boot.test.mock.mockito.ResetMocksTestExecutionListener@49062e80, org.springframework.boot.test.autoconfigure.web.client.MockRestServiceServerResetTestExecutionListener@2f48377e]
09:46:18.591 [Test worker] DEBUG org.springframework.test.annotation.ProfileValueUtils - Retrieved @ProfileValueSourceConfiguration [null] for test class [com.irdeto.rrm.ls.PlayreadyClientApplicationTests]
09:46:18.592 [Test worker] DEBUG org.springframework.test.annotation.ProfileValueUtils - Retrieved ProfileValueSource type [class org.springframework.test.annotation.SystemProfileValueSource] for class [com.irdeto.rrm.ls.PlayreadyClientApplicationTests]
09:46:18.592 [Test worker] DEBUG org.springframework.test.annotation.ProfileValueUtils - Retrieved @ProfileValueSourceConfiguration [null] for test class [com.irdeto.rrm.ls.PlayreadyClientApplicationTests]
09:46:18.592 [Test worker] DEBUG org.springframework.test.annotation.ProfileValueUtils - Retrieved ProfileValueSource type [class org.springframework.test.annotation.SystemProfileValueSource] for class [com.irdeto.rrm.ls.PlayreadyClientApplicationTests]
09:46:18.595 [Test worker] DEBUG org.springframework.test.context.support.AbstractDirtiesContextTestExecutionListener - Before test class: context [DefaultTestContext@9caf70 testClass = PlayreadyClientApplicationTests, testInstance = [null], testMethod = [null], testException = [null], mergedContextConfiguration = [WebMergedContextConfiguration@601bdc78 testClass = PlayreadyClientApplicationTests, locations = '{}', classes = '{class com.irdeto.rrm.ls.PlayreadyClientApplication}', contextInitializerClasses = '[]', activeProfiles = '{}', propertySourceLocations = '{}', propertySourceProperties = '{org.springframework.boot.test.context.SpringBootTestContextBootstrapper=true}', contextCustomizers = set[org.springframework.boot.test.context.SpringBootTestContextCustomizer@333e24a3, org.springframework.boot.test.context.filter.ExcludeFilterContextCustomizer@10584f37, org.springframework.boot.test.mock.mockito.MockitoContextCustomizer@0, org.springframework.boot.test.autoconfigure.properties.PropertyMappingContextCustomizer@0], resourceBasePath = 'src/main/webapp', contextLoader = 'org.springframework.boot.test.context.SpringBootContextLoader', parent = [null]]], class annotated with @DirtiesContext [false] with mode [null].
09:46:18.595 [Test worker] DEBUG org.springframework.test.annotation.ProfileValueUtils - Retrieved @ProfileValueSourceConfiguration [null] for test class [com.irdeto.rrm.ls.PlayreadyClientApplicationTests]
09:46:18.596 [Test worker] DEBUG org.springframework.test.annotation.ProfileValueUtils - Retrieved ProfileValueSource type [class org.springframework.test.annotation.SystemProfileValueSource] for class [com.irdeto.rrm.ls.PlayreadyClientApplicationTests]
09:46:18.627 [Test worker] DEBUG org.springframework.core.env.StandardEnvironment - Adding [systemProperties] PropertySource with lowest search precedence
09:46:18.628 [Test worker] DEBUG org.springframework.core.env.StandardEnvironment - Adding [systemEnvironment] PropertySource with lowest search precedence
09:46:18.628 [Test worker] DEBUG org.springframework.core.env.StandardEnvironment - Initialized StandardEnvironment with PropertySources [systemProperties,systemEnvironment]
09:46:18.628 [Test worker] DEBUG org.springframework.test.context.support.TestPropertySourceUtils - Adding inlined properties to environment: {spring.jmx.enabled=false, org.springframework.boot.test.context.SpringBootTestContextBootstrapper=true, server.port=-1}
09:46:18.629 [Test worker] DEBUG org.springframework.core.env.StandardEnvironment - Adding [Inlined Test Properties] PropertySource with highest search precedence
2016-09-20 09:46:18.985  INFO [playready-client,,,] 6449 --- [    Test worker] s.c.a.AnnotationConfigApplicationContext : Refreshing org.springframework.context.annotation.AnnotationConfigApplicationContext@11dc1a2b: startup date [Tue Sep 20 09:46:18 CEST 2016]; root of context hierarchy
2016-09-20 09:46:19.177  INFO [playready-client,,,] 6449 --- [    Test worker] f.a.AutowiredAnnotationBeanPostProcessor : JSR-330 'javax.inject.Inject' annotation found and supported for autowiring
2016-09-20 09:46:19.211  INFO [playready-client,,,] 6449 --- [    Test worker] trationDelegate$BeanPostProcessorChecker : Bean 'configurationPropertiesRebinderAutoConfiguration' of type [class org.springframework.cloud.autoconfigure.ConfigurationPropertiesRebinderAutoConfiguration$$EnhancerBySpringCGLIB$$69638041] is not eligible for getting processed by all BeanPostProcessors (for example: not eligible for auto-proxying)

  .   ____          _            __ _ _
 /\\ / ___'_ __ _ _(_)_ __  __ _ \ \ \ \
( ( )\___ | '_ | '_| | '_ \/ _` | \ \ \ \
 \\/  ___)| |_)| | | | | || (_| |  ) ) ) )
  '  |____| .__|_| |_|_| |_\__, | / / / /
 =========|_|==============|___/=/_/_/_/
 :: Spring Boot ::        (v1.4.0.RELEASE)

2016-09-20 09:46:19.459  INFO [playready-client,,,] 6449 --- [    Test worker] c.c.c.ConfigServicePropertySourceLocator : Fetching config from server at: http://localhost:8888
2016-09-20 09:46:20.140  INFO [playready-client,,,] 6449 --- [    Test worker] c.c.c.ConfigServicePropertySourceLocator : Located environment: name=playready-client, profiles=[default], label=master, version=ce6d12033aaa848d07820cd464974852187a41ef
2016-09-20 09:46:20.141  INFO [playready-client,,,] 6449 --- [    Test worker] b.c.PropertySourceBootstrapConfiguration : Located property source: CompositePropertySource [name='configService', propertySources=[MapPropertySource [name='/home/ekho/development/git/microservices-config/playready-client.yml']]]
2016-09-20 09:46:20.166  INFO [playready-client,,,] 6449 --- [    Test worker] c.i.r.l.PlayreadyClientApplicationTests  : No active profile set, falling back to default profiles: default
2016-09-20 09:46:20.173  INFO [playready-client,,,] 6449 --- [    Test worker] o.s.w.c.s.GenericWebApplicationContext   : Refreshing org.springframework.web.context.support.GenericWebApplicationContext@7c5b3edf: startup date [Tue Sep 20 09:46:20 CEST 2016]; parent: org.springframework.context.annotation.AnnotationConfigApplicationContext@11dc1a2b
2016-09-20 09:46:20.683  INFO [playready-client,,,] 6449 --- [    Test worker] o.s.b.f.s.DefaultListableBeanFactory     : Overriding bean definition for bean 'hystrixFeature' with a different definition: replacing [Root bean: class [null]; scope=; abstract=false; lazyInit=false; autowireMode=3; dependencyCheck=0; autowireCandidate=true; primary=false; factoryBeanName=org.springframework.cloud.netflix.hystrix.HystrixCircuitBreakerConfiguration$HystrixWebConfiguration; factoryMethodName=hystrixFeature; initMethodName=null; destroyMethodName=(inferred); defined in class path resource [org/springframework/cloud/netflix/hystrix/HystrixCircuitBreakerConfiguration$HystrixWebConfiguration.class]] with [Root bean: class [null]; scope=; abstract=false; lazyInit=false; autowireMode=3; dependencyCheck=0; autowireCandidate=true; primary=false; factoryBeanName=org.springframework.cloud.netflix.hystrix.HystrixCircuitBreakerConfiguration; factoryMethodName=hystrixFeature; initMethodName=null; destroyMethodName=(inferred); defined in class path resource [org/springframework/cloud/netflix/hystrix/HystrixCircuitBreakerConfiguration.class]]
2016-09-20 09:46:20.782  INFO [playready-client,,,] 6449 --- [    Test worker] o.s.b.f.config.PropertiesFactoryBean     : Loading properties file from URL [jar:file:/home/ekho/.gradle/caches/modules-2/files-2.1/org.springframework.integration/spring-integration-core/4.3.1.RELEASE/557fb327eda00aa47f8dcbf5b2d0562f81c29b2d/spring-integration-core-4.3.1.RELEASE.jar!/META-INF/spring.integration.default.properties]
2016-09-20 09:46:20.784  INFO [playready-client,,,] 6449 --- [    Test worker] o.s.i.config.IntegrationRegistrar        : No bean named 'integrationHeaderChannelRegistry' has been explicitly defined. Therefore, a default DefaultHeaderChannelRegistry will be created.
2016-09-20 09:46:20.839  INFO [playready-client,,,] 6449 --- [    Test worker] o.s.b.f.s.DefaultListableBeanFactory     : Overriding bean definition for bean 'managementServletContext' with a different definition: replacing [Root bean: class [null]; scope=; abstract=false; lazyInit=false; autowireMode=3; dependencyCheck=0; autowireCandidate=true; primary=false; factoryBeanName=org.springframework.boot.actuate.autoconfigure.EndpointWebMvcHypermediaManagementContextConfiguration; factoryMethodName=managementServletContext; initMethodName=null; destroyMethodName=(inferred); defined in class path resource [org/springframework/boot/actuate/autoconfigure/EndpointWebMvcHypermediaManagementContextConfiguration.class]] with [Root bean: class [null]; scope=; abstract=false; lazyInit=false; autowireMode=3; dependencyCheck=0; autowireCandidate=true; primary=false; factoryBeanName=org.springframework.boot.actuate.autoconfigure.EndpointWebMvcAutoConfiguration; factoryMethodName=managementServletContext; initMethodName=null; destroyMethodName=(inferred); defined in class path resource [org/springframework/boot/actuate/autoconfigure/EndpointWebMvcAutoConfiguration.class]]
2016-09-20 09:46:20.941  WARN [playready-client,,,] 6449 --- [    Test worker] o.s.c.a.ConfigurationClassPostProcessor  : Cannot enhance @Configuration bean definition 'refreshScope' since its singleton instance has been created too early. The typical cause is a non-static @Bean method with a BeanDefinitionRegistryPostProcessor return type: Consider declaring such methods as 'static'.
2016-09-20 09:46:21.083  INFO [playready-client,,,] 6449 --- [    Test worker] o.s.cloud.context.scope.GenericScope     : BeanFactory id=8a394772-5a50-3986-8f36-173b672b40cc
2016-09-20 09:46:21.112  INFO [playready-client,,,] 6449 --- [    Test worker] faultConfiguringBeanFactoryPostProcessor : No bean named 'errorChannel' has been explicitly defined. Therefore, a default PublishSubscribeChannel will be created.
2016-09-20 09:46:21.114  INFO [playready-client,,,] 6449 --- [    Test worker] faultConfiguringBeanFactoryPostProcessor : No bean named 'taskScheduler' has been explicitly defined. Therefore, a default ThreadPoolTaskScheduler will be created.
2016-09-20 09:46:21.122  INFO [playready-client,,,] 6449 --- [    Test worker] f.a.AutowiredAnnotationBeanPostProcessor : JSR-330 'javax.inject.Inject' annotation found and supported for autowiring
2016-09-20 09:46:21.131  INFO [playready-client,,,] 6449 --- [    Test worker] trationDelegate$BeanPostProcessorChecker : Bean 'org.springframework.amqp.rabbit.annotation.RabbitBootstrapConfiguration' of type [class org.springframework.amqp.rabbit.annotation.RabbitBootstrapConfiguration$$EnhancerBySpringCGLIB$$13b53b72] is not eligible for getting processed by all BeanPostProcessors (for example: not eligible for auto-proxying)
2016-09-20 09:46:21.193  INFO [playready-client,,,] 6449 --- [    Test worker] trationDelegate$BeanPostProcessorChecker : Bean 'com.irdeto.rrm.ls.edgeservices.ProtectionSystemProfileService' of type [class org.springframework.cloud.netflix.feign.FeignClientFactoryBean] is not eligible for getting processed by all BeanPostProcessors (for example: not eligible for auto-proxying)
2016-09-20 09:46:21.205  INFO [playready-client,,,] 6449 --- [    Test worker] trationDelegate$BeanPostProcessorChecker : Bean 'org.springframework.cloud.sleuth.instrument.async.AsyncDefaultAutoConfiguration$DefaultAsyncConfigurerSupport' of type [class org.springframework.cloud.sleuth.instrument.async.AsyncDefaultAutoConfiguration$DefaultAsyncConfigurerSupport$$EnhancerBySpringCGLIB$$8a8b1b07] is not eligible for getting processed by all BeanPostProcessors (for example: not eligible for auto-proxying)
2016-09-20 09:46:21.482  INFO [playready-client,,,] 6449 --- [    Test worker] trationDelegate$BeanPostProcessorChecker : Bean 'org.springframework.cloud.stream.config.ChannelBindingServiceConfiguration$PostProcessorConfiguration' of type [class org.springframework.cloud.stream.config.ChannelBindingServiceConfiguration$PostProcessorConfiguration$$EnhancerBySpringCGLIB$$451415d0] is not eligible for getting processed by all BeanPostProcessors (for example: not eligible for auto-proxying)
2016-09-20 09:46:21.576  INFO [playready-client,,,] 6449 --- [    Test worker] o.s.b.f.config.PropertiesFactoryBean     : Loading properties file from URL [jar:file:/home/ekho/.gradle/caches/modules-2/files-2.1/org.springframework.integration/spring-integration-core/4.3.1.RELEASE/557fb327eda00aa47f8dcbf5b2d0562f81c29b2d/spring-integration-core-4.3.1.RELEASE.jar!/META-INF/spring.integration.default.properties]
2016-09-20 09:46:21.577  INFO [playready-client,,,] 6449 --- [    Test worker] trationDelegate$BeanPostProcessorChecker : Bean 'integrationGlobalProperties' of type [class org.springframework.beans.factory.config.PropertiesFactoryBean] is not eligible for getting processed by all BeanPostProcessors (for example: not eligible for auto-proxying)
2016-09-20 09:46:21.589  INFO [playready-client,,,] 6449 --- [    Test worker] trationDelegate$BeanPostProcessorChecker : Bean 'integrationGlobalProperties' of type [class java.util.Properties] is not eligible for getting processed by all BeanPostProcessors (for example: not eligible for auto-proxying)
2016-09-20 09:46:21.678  INFO [playready-client,,,] 6449 --- [    Test worker] trationDelegate$BeanPostProcessorChecker : Bean 'org.springframework.cloud.autoconfigure.ConfigurationPropertiesRebinderAutoConfiguration' of type [class org.springframework.cloud.autoconfigure.ConfigurationPropertiesRebinderAutoConfiguration$$EnhancerBySpringCGLIB$$69638041] is not eligible for getting processed by all BeanPostProcessors (for example: not eligible for auto-proxying)
2016-09-20 09:46:21.695  INFO [playready-client,,,] 6449 --- [    Test worker] trationDelegate$BeanPostProcessorChecker : Bean 'org.springframework.cloud.sleuth.instrument.web.client.feign.TraceFeignClientAutoConfiguration$FeignBeanPostProcessorConfiguration' of type [class org.springframework.cloud.sleuth.instrument.web.client.feign.TraceFeignClientAutoConfiguration$FeignBeanPostProcessorConfiguration$$EnhancerBySpringCGLIB$$8cdb560a] is not eligible for getting processed by all BeanPostProcessors (for example: not eligible for auto-proxying)
2016-09-20 09:46:21.707  INFO [playready-client,,,] 6449 --- [    Test worker] trationDelegate$BeanPostProcessorChecker : Bean 'org.springframework.cloud.sleuth.instrument.web.client.feign.TraceFeignClientAutoConfiguration' of type [class org.springframework.cloud.sleuth.instrument.web.client.feign.TraceFeignClientAutoConfiguration$$EnhancerBySpringCGLIB$$833cf549] is not eligible for getting processed by all BeanPostProcessors (for example: not eligible for auto-proxying)
2016-09-20 09:46:21.723  INFO [playready-client,,,] 6449 --- [    Test worker] trationDelegate$BeanPostProcessorChecker : Bean 'traceFeignObjectWrapper' of type [class org.springframework.cloud.sleuth.instrument.web.client.feign.TraceFeignObjectWrapper] is not eligible for getting processed by all BeanPostProcessors (for example: not eligible for auto-proxying)
2016-09-20 09:46:21.738  INFO [playready-client,,,] 6449 --- [    Test worker] trationDelegate$BeanPostProcessorChecker : Bean 'org.springframework.cloud.sleuth.instrument.zuul.TraceZuulAutoConfiguration' of type [class org.springframework.cloud.sleuth.instrument.zuul.TraceZuulAutoConfiguration$$EnhancerBySpringCGLIB$$8c4a92df] is not eligible for getting processed by all BeanPostProcessors (for example: not eligible for auto-proxying)
2016-09-20 09:46:21.826  INFO [playready-client,,,] 6449 --- [    Test worker] s.c.a.AnnotationConfigApplicationContext : Refreshing org.springframework.context.annotation.AnnotationConfigApplicationContext@326c2753: startup date [Tue Sep 20 09:46:21 CEST 2016]; parent: org.springframework.web.context.support.GenericWebApplicationContext@7c5b3edf
2016-09-20 09:46:21.838  INFO [playready-client,,,] 6449 --- [    Test worker] f.a.AutowiredAnnotationBeanPostProcessor : JSR-330 'javax.inject.Inject' annotation found and supported for autowiring
2016-09-20 09:46:23.747  INFO [playready-client,,,] 6449 --- [    Test worker] o.s.c.n.eureka.InstanceInfoFactory       : Setting initial instance status as: STARTING
2016-09-20 09:46:23.912  INFO [playready-client,,,] 6449 --- [    Test worker] c.n.d.provider.DiscoveryJerseyProvider   : Using JSON encoding codec LegacyJacksonJson
2016-09-20 09:46:23.914  INFO [playready-client,,,] 6449 --- [    Test worker] c.n.d.provider.DiscoveryJerseyProvider   : Using JSON decoding codec LegacyJacksonJson
2016-09-20 09:46:23.975  INFO [playready-client,,,] 6449 --- [    Test worker] c.n.d.provider.DiscoveryJerseyProvider   : Using XML encoding codec XStreamXml
2016-09-20 09:46:23.975  INFO [playready-client,,,] 6449 --- [    Test worker] c.n.d.provider.DiscoveryJerseyProvider   : Using XML decoding codec XStreamXml
2016-09-20 09:46:24.120  INFO [playready-client,,,] 6449 --- [    Test worker] c.n.d.s.r.aws.ConfigClusterResolver      : Resolving eureka endpoints via configuration
2016-09-20 09:46:24.136  INFO [playready-client,,,] 6449 --- [    Test worker] com.netflix.discovery.DiscoveryClient    : Disable delta property : false
2016-09-20 09:46:24.136  INFO [playready-client,,,] 6449 --- [    Test worker] com.netflix.discovery.DiscoveryClient    : Single vip registry refresh property : null
2016-09-20 09:46:24.136  INFO [playready-client,,,] 6449 --- [    Test worker] com.netflix.discovery.DiscoveryClient    : Force full registry fetch : false
2016-09-20 09:46:24.136  INFO [playready-client,,,] 6449 --- [    Test worker] com.netflix.discovery.DiscoveryClient    : Application is null : false
2016-09-20 09:46:24.136  INFO [playready-client,,,] 6449 --- [    Test worker] com.netflix.discovery.DiscoveryClient    : Registered Applications size is zero : true
2016-09-20 09:46:24.136  INFO [playready-client,,,] 6449 --- [    Test worker] com.netflix.discovery.DiscoveryClient    : Application version is -1: true
2016-09-20 09:46:24.136  INFO [playready-client,,,] 6449 --- [    Test worker] com.netflix.discovery.DiscoveryClient    : Getting all instance registry info from the eureka server
2016-09-20 09:46:24.235  INFO [playready-client,,,] 6449 --- [    Test worker] com.netflix.discovery.DiscoveryClient    : The response status is 200
2016-09-20 09:46:24.237  INFO [playready-client,,,] 6449 --- [    Test worker] com.netflix.discovery.DiscoveryClient    : Starting heartbeat executor: renew interval is: 30
2016-09-20 09:46:24.239  INFO [playready-client,,,] 6449 --- [    Test worker] c.n.discovery.InstanceInfoReplicator     : InstanceInfoReplicator onDemand update allowed rate per min is 4
2016-09-20 09:46:24.243  INFO [playready-client,,,] 6449 --- [    Test worker] com.netflix.discovery.DiscoveryClient    : Discovery Client initialized at timestamp 1474357584243 with initial instances count: 4
2016-09-20 09:46:24.802  WARN [playready-client,,,] 6449 --- [    Test worker] c.n.c.sources.URLConfigurationSource     : No URLs will be polled as dynamic configuration sources.
2016-09-20 09:46:24.802  INFO [playready-client,,,] 6449 --- [    Test worker] c.n.c.sources.URLConfigurationSource     : To enable URLs as dynamic configuration sources, define System property archaius.configurationSource.additionalUrls or make config.properties available on classpath.
2016-09-20 09:46:24.809  INFO [playready-client,,,] 6449 --- [    Test worker] c.netflix.config.DynamicPropertyFactory  : DynamicPropertyFactory is initialized with configuration sources: com.netflix.config.ConcurrentCompositeConfiguration@60d474eb
2016-09-20 09:46:25.584  INFO [playready-client,,,] 6449 --- [    Test worker] s.w.s.m.m.a.RequestMappingHandlerAdapter : Looking for @ControllerAdvice: org.springframework.web.context.support.GenericWebApplicationContext@7c5b3edf: startup date [Tue Sep 20 09:46:20 CEST 2016]; parent: org.springframework.context.annotation.AnnotationConfigApplicationContext@11dc1a2b
2016-09-20 09:46:25.591  INFO [playready-client,,,] 6449 --- [    Test worker] s.w.s.m.m.a.RequestMappingHandlerAdapter : Detected ResponseBodyAdvice bean in org.springframework.boot.actuate.autoconfigure.EndpointWebMvcHypermediaManagementContextConfiguration$ActuatorEndpointLinksAdvice
2016-09-20 09:46:25.704  INFO [playready-client,,,] 6449 --- [    Test worker] s.w.s.m.m.a.RequestMappingHandlerMapping : Mapped "{[/protectionSystems],methods=[GET],produces=[application/json;charset=UTF-8]}" onto public java.util.Collection<java.lang.String> com.irdeto.rrm.ls.controller.ProtectionSystemProfileController.listAll()
2016-09-20 09:46:25.706  INFO [playready-client,,,] 6449 --- [    Test worker] s.w.s.m.m.a.RequestMappingHandlerMapping : Mapped "{[/error],produces=[text/html]}" onto public org.springframework.web.servlet.ModelAndView org.springframework.boot.autoconfigure.web.BasicErrorController.errorHtml(javax.servlet.http.HttpServletRequest,javax.servlet.http.HttpServletResponse)
2016-09-20 09:46:25.706  INFO [playready-client,,,] 6449 --- [    Test worker] s.w.s.m.m.a.RequestMappingHandlerMapping : Mapped "{[/error]}" onto public org.springframework.http.ResponseEntity<java.util.Map<java.lang.String, java.lang.Object>> org.springframework.boot.autoconfigure.web.BasicErrorController.error(javax.servlet.http.HttpServletRequest)
2016-09-20 09:46:25.811  INFO [playready-client,,,] 6449 --- [    Test worker] o.s.w.s.handler.SimpleUrlHandlerMapping  : Mapped URL path [/webjars/**] onto handler of type [class org.springframework.web.servlet.resource.ResourceHttpRequestHandler]
2016-09-20 09:46:25.811  INFO [playready-client,,,] 6449 --- [    Test worker] o.s.w.s.handler.SimpleUrlHandlerMapping  : Mapped URL path [/**] onto handler of type [class org.springframework.web.servlet.resource.ResourceHttpRequestHandler]
2016-09-20 09:46:25.838  INFO [playready-client,,,] 6449 --- [    Test worker] .m.m.a.ExceptionHandlerExceptionResolver : Detected ResponseBodyAdvice implementation in org.springframework.boot.actuate.autoconfigure.EndpointWebMvcHypermediaManagementContextConfiguration$ActuatorEndpointLinksAdvice
2016-09-20 09:46:25.889  INFO [playready-client,,,] 6449 --- [    Test worker] o.s.w.s.handler.SimpleUrlHandlerMapping  : Mapped URL path [/**/favicon.ico] onto handler of type [class org.springframework.web.servlet.resource.ResourceHttpRequestHandler]
2016-09-20 09:46:26.710  INFO [playready-client,,,] 6449 --- [    Test worker] o.s.s.c.ThreadPoolTaskScheduler          : Initializing ExecutorService  'taskScheduler'
2016-09-20 09:46:27.268  INFO [playready-client,,,] 6449 --- [    Test worker] o.s.b.a.e.mvc.EndpointHandlerMapping     : Mapped "{[/hystrix.stream/**]}" onto public org.springframework.web.servlet.ModelAndView org.springframework.cloud.netflix.endpoint.ServletWrappingEndpoint.handle(javax.servlet.http.HttpServletRequest,javax.servlet.http.HttpServletResponse) throws java.lang.Exception
2016-09-20 09:46:27.270  INFO [playready-client,,,] 6449 --- [    Test worker] o.s.b.a.e.mvc.EndpointHandlerMapping     : Mapped "{[/shutdown || /shutdown.json],methods=[POST]}" onto public java.lang.Object org.springframework.boot.actuate.endpoint.mvc.ShutdownMvcEndpoint.invoke()
2016-09-20 09:46:27.272  INFO [playready-client,,,] 6449 --- [    Test worker] o.s.b.a.e.mvc.EndpointHandlerMapping     : Mapped "{[/features || /features.json],methods=[GET],produces=[application/json]}" onto public java.lang.Object org.springframework.boot.actuate.endpoint.mvc.EndpointMvcAdapter.invoke()
2016-09-20 09:46:27.272  INFO [playready-client,,,] 6449 --- [    Test worker] o.s.b.a.e.mvc.EndpointHandlerMapping     : Mapped "{[/restart || /restart.json],methods=[POST]}" onto public java.lang.Object org.springframework.cloud.context.restart.RestartMvcEndpoint.invoke()
2016-09-20 09:46:27.273  INFO [playready-client,,,] 6449 --- [    Test worker] o.s.b.a.e.mvc.EndpointHandlerMapping     : Mapped "{[/heapdump || /heapdump.json],methods=[GET],produces=[application/octet-stream]}" onto public void org.springframework.boot.actuate.endpoint.mvc.HeapdumpMvcEndpoint.invoke(boolean,javax.servlet.http.HttpServletRequest,javax.servlet.http.HttpServletResponse) throws java.io.IOException,javax.servlet.ServletException
2016-09-20 09:46:27.273  INFO [playready-client,,,] 6449 --- [    Test worker] o.s.b.a.e.mvc.EndpointHandlerMapping     : Mapped "{[/channels || /channels.json],methods=[GET],produces=[application/json]}" onto public java.lang.Object org.springframework.boot.actuate.endpoint.mvc.EndpointMvcAdapter.invoke()
2016-09-20 09:46:27.273  INFO [playready-client,,,] 6449 --- [    Test worker] o.s.b.a.e.mvc.EndpointHandlerMapping     : Mapped "{[/beans || /beans.json],methods=[GET],produces=[application/json]}" onto public java.lang.Object org.springframework.boot.actuate.endpoint.mvc.EndpointMvcAdapter.invoke()
2016-09-20 09:46:27.274  INFO [playready-client,,,] 6449 --- [    Test worker] o.s.b.a.e.mvc.EndpointHandlerMapping     : Mapped "{[/routes || /routes.json],methods=[GET]}" onto public java.util.Map<java.lang.String, java.lang.String> org.springframework.cloud.netflix.zuul.RoutesEndpoint.getRoutes()
2016-09-20 09:46:27.274  INFO [playready-client,,,] 6449 --- [    Test worker] o.s.b.a.e.mvc.EndpointHandlerMapping     : Mapped "{[/routes || /routes.json],methods=[POST]}" onto public java.util.Map<java.lang.String, java.lang.String> org.springframework.cloud.netflix.zuul.RoutesEndpoint.reset()
2016-09-20 09:46:27.274  INFO [playready-client,,,] 6449 --- [    Test worker] o.s.b.a.e.mvc.EndpointHandlerMapping     : Mapped "{[/trace || /trace.json],methods=[GET],produces=[application/json]}" onto public java.lang.Object org.springframework.boot.actuate.endpoint.mvc.EndpointMvcAdapter.invoke()
2016-09-20 09:46:27.275  INFO [playready-client,,,] 6449 --- [    Test worker] o.s.b.a.e.mvc.EndpointHandlerMapping     : Mapped "{[/configprops || /configprops.json],methods=[GET],produces=[application/json]}" onto public java.lang.Object org.springframework.boot.actuate.endpoint.mvc.EndpointMvcAdapter.invoke()
2016-09-20 09:46:27.276  INFO [playready-client,,,] 6449 --- [    Test worker] o.s.b.a.e.mvc.EndpointHandlerMapping     : Mapped "{[/mappings || /mappings.json],methods=[GET],produces=[application/json]}" onto public java.lang.Object org.springframework.boot.actuate.endpoint.mvc.EndpointMvcAdapter.invoke()
2016-09-20 09:46:27.276  INFO [playready-client,,,] 6449 --- [    Test worker] o.s.b.a.e.mvc.EndpointHandlerMapping     : Mapped "{[/dump || /dump.json],methods=[GET],produces=[application/json]}" onto public java.lang.Object org.springframework.boot.actuate.endpoint.mvc.EndpointMvcAdapter.invoke()
2016-09-20 09:46:27.277  INFO [playready-client,,,] 6449 --- [    Test worker] o.s.b.a.e.mvc.EndpointHandlerMapping     : Mapped "{[/pause || /pause.json],methods=[POST]}" onto public java.lang.Object org.springframework.cloud.endpoint.GenericPostableMvcEndpoint.invoke()
2016-09-20 09:46:27.278  INFO [playready-client,,,] 6449 --- [    Test worker] o.s.b.a.e.mvc.EndpointHandlerMapping     : Mapped "{[/actuator || /actuator.json],produces=[application/json]}" onto public org.springframework.hateoas.ResourceSupport org.springframework.boot.actuate.endpoint.mvc.HalJsonMvcEndpoint.links()
2016-09-20 09:46:27.278  INFO [playready-client,,,] 6449 --- [    Test worker] o.s.b.a.e.mvc.EndpointHandlerMapping     : Mapped "{[/refresh || /refresh.json],methods=[POST]}" onto public java.lang.Object org.springframework.cloud.endpoint.GenericPostableMvcEndpoint.invoke()
2016-09-20 09:46:27.280  INFO [playready-client,,,] 6449 --- [    Test worker] o.s.b.a.e.mvc.EndpointHandlerMapping     : Mapped "{[/metrics/{name:.*}],methods=[GET],produces=[application/json]}" onto public java.lang.Object org.springframework.boot.actuate.endpoint.mvc.MetricsMvcEndpoint.value(java.lang.String)
2016-09-20 09:46:27.280  INFO [playready-client,,,] 6449 --- [    Test worker] o.s.b.a.e.mvc.EndpointHandlerMapping     : Mapped "{[/metrics || /metrics.json],methods=[GET],produces=[application/json]}" onto public java.lang.Object org.springframework.boot.actuate.endpoint.mvc.EndpointMvcAdapter.invoke()
2016-09-20 09:46:27.280  INFO [playready-client,,,] 6449 --- [    Test worker] o.s.b.a.e.mvc.EndpointHandlerMapping     : Mapped "{[/resume || /resume.json],methods=[POST]}" onto public java.lang.Object org.springframework.cloud.endpoint.GenericPostableMvcEndpoint.invoke()
2016-09-20 09:46:27.280  INFO [playready-client,,,] 6449 --- [    Test worker] o.s.b.a.e.mvc.EndpointHandlerMapping     : Mapped "{[/env],methods=[POST]}" onto public java.lang.Object org.springframework.cloud.context.environment.EnvironmentManagerMvcEndpoint.value(java.util.Map<java.lang.String, java.lang.String>)
2016-09-20 09:46:27.281  INFO [playready-client,,,] 6449 --- [    Test worker] o.s.b.a.e.mvc.EndpointHandlerMapping     : Mapped "{[/env/reset],methods=[POST]}" onto public java.util.Map<java.lang.String, java.lang.Object> org.springframework.cloud.context.environment.EnvironmentManagerMvcEndpoint.reset()
2016-09-20 09:46:27.281  INFO [playready-client,,,] 6449 --- [    Test worker] o.s.b.a.e.mvc.EndpointHandlerMapping     : Mapped "{[/info || /info.json],methods=[GET],produces=[application/json]}" onto public java.lang.Object org.springframework.boot.actuate.endpoint.mvc.EndpointMvcAdapter.invoke()
2016-09-20 09:46:27.281  INFO [playready-client,,,] 6449 --- [    Test worker] o.s.b.a.e.mvc.EndpointHandlerMapping     : Mapped "{[/env/{name:.*}],methods=[GET],produces=[application/json]}" onto public java.lang.Object org.springframework.boot.actuate.endpoint.mvc.EnvironmentMvcEndpoint.value(java.lang.String)
2016-09-20 09:46:27.281  INFO [playready-client,,,] 6449 --- [    Test worker] o.s.b.a.e.mvc.EndpointHandlerMapping     : Mapped "{[/env || /env.json],methods=[GET],produces=[application/json]}" onto public java.lang.Object org.springframework.boot.actuate.endpoint.mvc.EndpointMvcAdapter.invoke()
2016-09-20 09:46:27.282  INFO [playready-client,,,] 6449 --- [    Test worker] o.s.b.a.e.mvc.EndpointHandlerMapping     : Mapped "{[/archaius || /archaius.json],methods=[GET],produces=[application/json]}" onto public java.lang.Object org.springframework.boot.actuate.endpoint.mvc.EndpointMvcAdapter.invoke()
2016-09-20 09:46:27.282  INFO [playready-client,,,] 6449 --- [    Test worker] o.s.b.a.e.mvc.EndpointHandlerMapping     : Mapped "{[/autoconfig || /autoconfig.json],methods=[GET],produces=[application/json]}" onto public java.lang.Object org.springframework.boot.actuate.endpoint.mvc.EndpointMvcAdapter.invoke()
2016-09-20 09:46:27.282  INFO [playready-client,,,] 6449 --- [    Test worker] o.s.b.a.e.mvc.EndpointHandlerMapping     : Mapped "{[/health || /health.json],produces=[application/json]}" onto public java.lang.Object org.springframework.boot.actuate.endpoint.mvc.HealthMvcEndpoint.invoke(java.security.Principal)
2016-09-20 09:46:27.605  WARN [playready-client,,,] 6449 --- [    Test worker] c.n.c.sources.URLConfigurationSource     : No URLs will be polled as dynamic configuration sources.
2016-09-20 09:46:27.606  INFO [playready-client,,,] 6449 --- [    Test worker] c.n.c.sources.URLConfigurationSource     : To enable URLs as dynamic configuration sources, define System property archaius.configurationSource.additionalUrls or make config.properties available on classpath.
2016-09-20 09:46:27.863  INFO [playready-client,,,] 6449 --- [    Test worker] o.s.s.c.ThreadPoolTaskScheduler          : Initializing ExecutorService 
2016-09-20 09:46:27.971  INFO [playready-client,,,] 6449 --- [    Test worker] o.s.i.codec.kryo.CompositeKryoRegistrar  : configured Kryo registration [40, java.io.File] with serializer org.springframework.integration.codec.kryo.FileSerializer
2016-09-20 09:46:28.338  INFO [playready-client,,,] 6449 --- [    Test worker] o.s.c.support.DefaultLifecycleProcessor  : Starting beans in phase -2147482648
2016-09-20 09:46:28.387  INFO [playready-client,,,] 6449 --- [    Test worker] s.c.a.AnnotationConfigApplicationContext : Refreshing org.springframework.context.annotation.AnnotationConfigApplicationContext@31945f14: startup date [Tue Sep 20 09:46:28 CEST 2016]; root of context hierarchy
2016-09-20 09:46:28.395  INFO [playready-client,,,] 6449 --- [    Test worker] f.a.AutowiredAnnotationBeanPostProcessor : JSR-330 'javax.inject.Inject' annotation found and supported for autowiring
2016-09-20 09:46:28.401  INFO [playready-client,,,] 6449 --- [    Test worker] trationDelegate$BeanPostProcessorChecker : Bean 'configurationPropertiesRebinderAutoConfiguration' of type [class org.springframework.cloud.autoconfigure.ConfigurationPropertiesRebinderAutoConfiguration$$EnhancerBySpringCGLIB$$69638041] is not eligible for getting processed by all BeanPostProcessors (for example: not eligible for auto-proxying)
2016-09-20 09:46:28.465  INFO [playready-client,,,] 6449 --- [    Test worker] c.c.c.ConfigServicePropertySourceLocator : Fetching config from server at: http://localhost:8888
2016-09-20 09:46:29.057  INFO [playready-client,,,] 6449 --- [    Test worker] c.c.c.ConfigServicePropertySourceLocator : Located environment: name=playready-client, profiles=[default], label=master, version=ce6d12033aaa848d07820cd464974852187a41ef
2016-09-20 09:46:29.057  INFO [playready-client,,,] 6449 --- [    Test worker] b.c.PropertySourceBootstrapConfiguration : Located property source: CompositePropertySource [name='configService', propertySources=[MapPropertySource [name='/home/ekho/development/git/microservices-config/playready-client.yml']]]
2016-09-20 09:46:29.062  INFO [playready-client,,,] 6449 --- [    Test worker] o.s.boot.SpringApplication               : No active profile set, falling back to default profiles: default
2016-09-20 09:46:29.064  INFO [playready-client,,,] 6449 --- [    Test worker] s.c.a.AnnotationConfigApplicationContext : Refreshing org.springframework.context.annotation.AnnotationConfigApplicationContext@7126781a: startup date [Tue Sep 20 09:46:29 CEST 2016]; parent: org.springframework.web.context.support.GenericWebApplicationContext@7c5b3edf
2016-09-20 09:46:29.080  INFO [playready-client,,,] 6449 --- [    Test worker] f.a.AutowiredAnnotationBeanPostProcessor : JSR-330 'javax.inject.Inject' annotation found and supported for autowiring
2016-09-20 09:46:29.132  INFO [playready-client,,,] 6449 --- [    Test worker] o.s.c.support.GenericApplicationContext  : Refreshing org.springframework.context.support.GenericApplicationContext@52c7e66b: startup date [Tue Sep 20 09:46:29 CEST 2016]; root of context hierarchy
2016-09-20 09:46:29.149  INFO [playready-client,,,] 6449 --- [    Test worker] o.s.boot.SpringApplication               : Started application in 0.802 seconds (JVM running for 11.13)
2016-09-20 09:46:29.202  INFO [playready-client,,,] 6449 --- [    Test worker] o.s.a.r.c.CachingConnectionFactory       : Created new connection: SimpleConnection@658ade9b [delegate=amqp://guest@127.0.0.1:5672/, localPort= 33786]
2016-09-20 09:46:29.230  INFO [playready-client,,,] 6449 --- [    Test worker] o.s.i.endpoint.EventDrivenConsumer       : Adding {message-handler:outbound.sleuth} as a subscriber to the 'sleuth' channel
2016-09-20 09:46:29.230  INFO [playready-client,,,] 6449 --- [    Test worker] o.s.integration.channel.DirectChannel    : Channel 'playready-client:9999.sleuth' has 1 subscriber(s).
2016-09-20 09:46:29.230  INFO [playready-client,,,] 6449 --- [    Test worker] o.s.i.endpoint.EventDrivenConsumer       : started outbound.sleuth
2016-09-20 09:46:29.232  INFO [playready-client,,,] 6449 --- [    Test worker] o.s.c.support.DefaultLifecycleProcessor  : Starting beans in phase -2147482648
2016-09-20 09:46:29.232  INFO [playready-client,,,] 6449 --- [    Test worker] o.s.c.support.DefaultLifecycleProcessor  : Starting beans in phase 0
2016-09-20 09:46:29.232  INFO [playready-client,,,] 6449 --- [    Test worker] c.n.e.EurekaDiscoveryClientConfiguration : Registering application playready-client with eureka with status UP
2016-09-20 09:46:29.233  INFO [playready-client,,,] 6449 --- [    Test worker] com.netflix.discovery.DiscoveryClient    : Saw local status change event StatusChangeEvent [timestamp=1474357589233, current=UP, previous=STARTING]
2016-09-20 09:46:29.244  INFO [playready-client,,,] 6449 --- [nfoReplicator-0] com.netflix.discovery.DiscoveryClient    : DiscoveryClient_PLAYREADY-CLIENT/172.16.65.63:playready-client:9999: registering service...
2016-09-20 09:46:29.244  INFO [playready-client,,,] 6449 --- [    Test worker] o.s.i.endpoint.EventDrivenConsumer       : Adding {logging-channel-adapter:_org.springframework.integration.errorLogger} as a subscriber to the 'errorChannel' channel
2016-09-20 09:46:29.245  INFO [playready-client,,,] 6449 --- [    Test worker] o.s.i.channel.PublishSubscribeChannel    : Channel 'playready-client:9999.errorChannel' has 1 subscriber(s).
2016-09-20 09:46:29.245  INFO [playready-client,,,] 6449 --- [    Test worker] o.s.i.endpoint.EventDrivenConsumer       : started _org.springframework.integration.errorLogger
2016-09-20 09:46:29.252  INFO [playready-client,,,] 6449 --- [    Test worker] o.s.i.e.SourcePollingChannelAdapter      : started sleuthStreamSpanReporter.poll.inboundChannelAdapter
2016-09-20 09:46:29.253  INFO [playready-client,,,] 6449 --- [    Test worker] o.s.c.support.DefaultLifecycleProcessor  : Starting beans in phase 2147482647
2016-09-20 09:46:29.253  INFO [playready-client,,,] 6449 --- [    Test worker] o.s.c.support.DefaultLifecycleProcessor  : Starting beans in phase 2147483647
2016-09-20 09:46:29.258  INFO [playready-client,,,] 6449 --- [    Test worker] ration$HystrixMetricsPollerConfiguration : Starting poller
2016-09-20 09:46:29.261  INFO [playready-client,,,] 6449 --- [    Test worker] o.s.c.support.DefaultLifecycleProcessor  : Starting beans in phase 0
2016-09-20 09:46:29.261  INFO [playready-client,,,] 6449 --- [    Test worker] o.s.c.support.DefaultLifecycleProcessor  : Starting beans in phase 2147482647
2016-09-20 09:46:29.261  INFO [playready-client,,,] 6449 --- [    Test worker] o.s.c.support.DefaultLifecycleProcessor  : Starting beans in phase 2147483647
2016-09-20 09:46:29.278  INFO [playready-client,,,] 6449 --- [nfoReplicator-0] com.netflix.discovery.DiscoveryClient    : DiscoveryClient_PLAYREADY-CLIENT/172.16.65.63:playready-client:9999 - registration status: 204
2016-09-20 09:46:29.284  INFO [playready-client,,,] 6449 --- [    Test worker] c.i.r.l.PlayreadyClientApplicationTests  : Started PlayreadyClientApplicationTests in 10.649 seconds (JVM running for 11.265)
]]></system-out>
  <system-err><![CDATA[]]></system-err>
</testsuite>
